<?xml version="1.0" encoding="UTF-8"?>
<!-- Generated by org.testng.reporters.JUnitXMLReporter -->
<testsuite ignored="1" hostname="Mahbub" failures="0" tests="3" name="Test" time="0.061" errors="0" timestamp="2022-12-17T12:13:19 EST">
  <testcase classname="com.testngtest.AllAnotationtest" name="getsalary" time="0.006"/>
  <testcase classname="com.testngtest.TestngPractice" name="getLogin" time="0.001"/>
  <testcase classname="com.testngtest.TestngPractice" name="getProduct" time="0.002"/>
  <testcase classname="com.testngtest.TestngPractice" name="getCartFunction" time="0.0">
    <ignored/>
  </testcase> <!-- getCartFunction -->
</testsuite> <!-- Test -->
