<?xml version="1.0" encoding="UTF-8"?>
<testng-results ignored="1" total="4" passed="3" failed="0" skipped="0">
  <reporter-output>
  </reporter-output>
  <suite started-at="2022-12-17T12:23:38 EST" name="Suite" finished-at="2022-12-17T12:23:38 EST" duration-ms="25">
    <groups>
    </groups>
    <test started-at="2022-12-17T12:23:38 EST" name="Test" finished-at="2022-12-17T12:23:38 EST" duration-ms="25">
      <class name="com.testngtest.TestngPractice">
        <test-method is-config="true" signature="setup()[pri:0, instance:com.testngtest.TestngPractice@7205765b]" started-at="2022-12-17T12:23:38 EST" name="setup" finished-at="2022-12-17T12:23:38 EST" duration-ms="0" status="PASS">
          <reporter-output>
          </reporter-output>
        </test-method> <!-- setup -->
        <test-method signature="getLogin()[pri:0, instance:com.testngtest.TestngPractice@7205765b]" started-at="2022-12-17T12:23:38 EST" name="getLogin" finished-at="2022-12-17T12:23:38 EST" duration-ms="1" status="PASS">
          <reporter-output>
          </reporter-output>
        </test-method> <!-- getLogin -->
        <test-method signature="getProduct()[pri:1, instance:com.testngtest.TestngPractice@7205765b]" started-at="2022-12-17T12:23:38 EST" name="getProduct" finished-at="2022-12-17T12:23:38 EST" duration-ms="0" status="PASS">
          <reporter-output>
          </reporter-output>
        </test-method> <!-- getProduct -->
        <test-method is-config="true" signature="teardown()[pri:0, instance:com.testngtest.TestngPractice@7205765b]" started-at="2022-12-17T12:23:38 EST" name="teardown" finished-at="2022-12-17T12:23:38 EST" duration-ms="0" status="PASS">
          <reporter-output>
          </reporter-output>
        </test-method> <!-- teardown -->
      </class> <!-- com.testngtest.TestngPractice -->
      <class name="com.testngtest.AllAnotationtest">
        <test-method is-config="true" signature="setupSuite()[pri:0, instance:com.testngtest.AllAnotationtest@7fee8714]" started-at="2022-12-17T12:23:38 EST" name="setupSuite" finished-at="2022-12-17T12:23:38 EST" duration-ms="5" status="PASS">
          <reporter-output>
          </reporter-output>
        </test-method> <!-- setupSuite -->
        <test-method is-config="true" signature="setup()[pri:0, instance:com.testngtest.AllAnotationtest@7fee8714]" started-at="2022-12-17T12:23:38 EST" name="setup" finished-at="2022-12-17T12:23:38 EST" duration-ms="0" status="PASS">
          <reporter-output>
          </reporter-output>
        </test-method> <!-- setup -->
        <test-method is-config="true" signature="setupClass()[pri:0, instance:com.testngtest.AllAnotationtest@7fee8714]" started-at="2022-12-17T12:23:38 EST" name="setupClass" finished-at="2022-12-17T12:23:38 EST" duration-ms="1" status="PASS">
          <reporter-output>
          </reporter-output>
        </test-method> <!-- setupClass -->
        <test-method is-config="true" signature="setupMethod()[pri:0, instance:com.testngtest.AllAnotationtest@7fee8714]" started-at="2022-12-17T12:23:38 EST" name="setupMethod" finished-at="2022-12-17T12:23:38 EST" duration-ms="0" status="PASS">
          <reporter-output>
          </reporter-output>
        </test-method> <!-- setupMethod -->
        <test-method signature="getsalary()[pri:0, instance:com.testngtest.AllAnotationtest@7fee8714]" started-at="2022-12-17T12:23:38 EST" name="getsalary" finished-at="2022-12-17T12:23:38 EST" duration-ms="0" status="PASS">
          <reporter-output>
          </reporter-output>
        </test-method> <!-- getsalary -->
        <test-method is-config="true" signature="closeMethod()[pri:0, instance:com.testngtest.AllAnotationtest@7fee8714]" started-at="2022-12-17T12:23:38 EST" name="closeMethod" finished-at="2022-12-17T12:23:38 EST" duration-ms="0" status="PASS">
          <reporter-output>
          </reporter-output>
        </test-method> <!-- closeMethod -->
        <test-method is-config="true" signature="closeClass()[pri:0, instance:com.testngtest.AllAnotationtest@7fee8714]" started-at="2022-12-17T12:23:38 EST" name="closeClass" finished-at="2022-12-17T12:23:38 EST" duration-ms="0" status="PASS">
          <reporter-output>
          </reporter-output>
        </test-method> <!-- closeClass -->
        <test-method is-config="true" signature="close()[pri:0, instance:com.testngtest.AllAnotationtest@7fee8714]" started-at="2022-12-17T12:23:38 EST" name="close" finished-at="2022-12-17T12:23:38 EST" duration-ms="0" status="PASS">
          <reporter-output>
          </reporter-output>
        </test-method> <!-- close -->
        <test-method is-config="true" signature="closeSuite()[pri:0, instance:com.testngtest.AllAnotationtest@7fee8714]" started-at="2022-12-17T12:23:38 EST" name="closeSuite" finished-at="2022-12-17T12:23:38 EST" duration-ms="0" status="PASS">
          <reporter-output>
          </reporter-output>
        </test-method> <!-- closeSuite -->
      </class> <!-- com.testngtest.AllAnotationtest -->
    </test> <!-- Test -->
  </suite> <!-- Suite -->
</testng-results>
