<?xml version="1.0" encoding="UTF-8"?>
<testng-results ignored="0" total="3" passed="3" failed="0" skipped="0">
  <reporter-output>
  </reporter-output>
  <suite started-at="2022-12-17T14:08:07 EST" name="Suite" finished-at="2022-12-17T14:08:15 EST" duration-ms="8276">
    <groups>
    </groups>
    <test started-at="2022-12-17T14:08:07 EST" name="GooleTest" finished-at="2022-12-17T14:08:12 EST" duration-ms="5596">
      <class name="com.generic.GoolewWithTestNG">
        <test-method is-config="true" signature="setup()[pri:0, instance:com.generic.GoolewWithTestNG@18df8434]" started-at="2022-12-17T14:08:07 EST" name="setup" finished-at="2022-12-17T14:08:12 EST" duration-ms="5526" status="PASS">
          <reporter-output>
          </reporter-output>
        </test-method> <!-- setup -->
        <test-method signature="loginTest()[pri:0, instance:com.generic.GoolewWithTestNG@18df8434]" started-at="2022-12-17T14:08:12 EST" name="loginTest" finished-at="2022-12-17T14:08:12 EST" duration-ms="7" status="PASS">
          <reporter-output>
          </reporter-output>
        </test-method> <!-- loginTest -->
        <test-method is-config="true" signature="teardown()[pri:0, instance:com.generic.GoolewWithTestNG@18df8434]" started-at="2022-12-17T14:08:12 EST" name="teardown" finished-at="2022-12-17T14:08:12 EST" duration-ms="0" status="PASS">
          <reporter-output>
          </reporter-output>
        </test-method> <!-- teardown -->
      </class> <!-- com.generic.GoolewWithTestNG -->
    </test> <!-- GooleTest -->
    <test started-at="2022-12-17T14:08:07 EST" name="LumaTest" finished-at="2022-12-17T14:08:12 EST" duration-ms="5879">
      <class name="com.generic.LumaWithTestNG">
        <test-method is-config="true" signature="setup()[pri:0, instance:com.generic.LumaWithTestNG@4a883b15]" started-at="2022-12-17T14:08:07 EST" name="setup" finished-at="2022-12-17T14:08:12 EST" duration-ms="5862" status="PASS">
          <reporter-output>
          </reporter-output>
        </test-method> <!-- setup -->
        <test-method signature="loginTest()[pri:0, instance:com.generic.LumaWithTestNG@4a883b15]" started-at="2022-12-17T14:08:12 EST" name="loginTest" finished-at="2022-12-17T14:08:12 EST" duration-ms="2" status="PASS">
          <reporter-output>
          </reporter-output>
        </test-method> <!-- loginTest -->
        <test-method is-config="true" signature="teardown()[pri:0, instance:com.generic.LumaWithTestNG@4a883b15]" started-at="2022-12-17T14:08:12 EST" name="teardown" finished-at="2022-12-17T14:08:12 EST" duration-ms="0" status="PASS">
          <reporter-output>
          </reporter-output>
        </test-method> <!-- teardown -->
      </class> <!-- com.generic.LumaWithTestNG -->
    </test> <!-- LumaTest -->
    <test started-at="2022-12-17T14:08:07 EST" name="CostcoTest" finished-at="2022-12-17T14:08:15 EST" duration-ms="8276">
      <class name="com.generic.CostcoWithTestNG">
        <test-method is-config="true" signature="setup()[pri:0, instance:com.generic.CostcoWithTestNG@36916eb0]" started-at="2022-12-17T14:08:07 EST" name="setup" finished-at="2022-12-17T14:08:15 EST" duration-ms="8261" status="PASS">
          <reporter-output>
          </reporter-output>
        </test-method> <!-- setup -->
        <test-method signature="loginTest()[pri:0, instance:com.generic.CostcoWithTestNG@36916eb0]" started-at="2022-12-17T14:08:15 EST" name="loginTest" finished-at="2022-12-17T14:08:15 EST" duration-ms="1" status="PASS">
          <reporter-output>
          </reporter-output>
        </test-method> <!-- loginTest -->
        <test-method is-config="true" signature="teardown()[pri:0, instance:com.generic.CostcoWithTestNG@36916eb0]" started-at="2022-12-17T14:08:15 EST" name="teardown" finished-at="2022-12-17T14:08:15 EST" duration-ms="1" status="PASS">
          <reporter-output>
          </reporter-output>
        </test-method> <!-- teardown -->
      </class> <!-- com.generic.CostcoWithTestNG -->
    </test> <!-- CostcoTest -->
  </suite> <!-- Suite -->
</testng-results>
